Determining if the pthread_create exist failed with the following output:
Change Dir: /home/hxy/hxy/project/bebop_ws/build/catkin_tools_prebuild/CMakeFiles/CMakeTmp

Run Build Command:"/usr/bin/make" "cmTC_23d19/fast"
/usr/bin/make -f CMakeFiles/cmTC_23d19.dir/build.make CMakeFiles/cmTC_23d19.dir/build
make[1]: Entering directory '/home/hxy/hxy/project/bebop_ws/build/catkin_tools_prebuild/CMakeFiles/CMakeTmp'
Building C object CMakeFiles/cmTC_23d19.dir/CheckSymbolExists.c.o
/usr/bin/cc     -o CMakeFiles/cmTC_23d19.dir/CheckSymbolExists.c.o   -c /home/hxy/hxy/project/bebop_ws/build/catkin_tools_prebuild/CMakeFiles/CMakeTmp/CheckSymbolExists.c
Linking C executable cmTC_23d19
/usr/bin/cmake -E cmake_link_script CMakeFiles/cmTC_23d19.dir/link.txt --verbose=1
/usr/bin/cc       CMakeFiles/cmTC_23d19.dir/CheckSymbolExists.c.o  -o cmTC_23d19 -rdynamic 
CMakeFiles/cmTC_23d19.dir/CheckSymbolExists.c.o: In function `main':
CheckSymbolExists.c:(.text+0x16): undefined reference to `pthread_create'
collect2: error: ld returned 1 exit status
CMakeFiles/cmTC_23d19.dir/build.make:97: recipe for target 'cmTC_23d19' failed
make[1]: *** [cmTC_23d19] Error 1
make[1]: Leaving directory '/home/hxy/hxy/project/bebop_ws/build/catkin_tools_prebuild/CMakeFiles/CMakeTmp'
Makefile:126: recipe for target 'cmTC_23d19/fast' failed
make: *** [cmTC_23d19/fast] Error 2

File /home/hxy/hxy/project/bebop_ws/build/catkin_tools_prebuild/CMakeFiles/CMakeTmp/CheckSymbolExists.c:
/* */
#include <pthread.h>

int main(int argc, char** argv)
{
  (void)argv;
#ifndef pthread_create
  return ((int*)(&pthread_create))[argc];
#else
  (void)argc;
  return 0;
#endif
}

Determining if the function pthread_create exists in the pthreads failed with the following output:
Change Dir: /home/hxy/hxy/project/bebop_ws/build/catkin_tools_prebuild/CMakeFiles/CMakeTmp

Run Build Command:"/usr/bin/make" "cmTC_c999f/fast"
/usr/bin/make -f CMakeFiles/cmTC_c999f.dir/build.make CMakeFiles/cmTC_c999f.dir/build
make[1]: Entering directory '/home/hxy/hxy/project/bebop_ws/build/catkin_tools_prebuild/CMakeFiles/CMakeTmp'
Building C object CMakeFiles/cmTC_c999f.dir/CheckFunctionExists.c.o
/usr/bin/cc    -DCHECK_FUNCTION_EXISTS=pthread_create   -o CMakeFiles/cmTC_c999f.dir/CheckFunctionExists.c.o   -c /usr/share/cmake-3.5/Modules/CheckFunctionExists.c
Linking C executable cmTC_c999f
/usr/bin/cmake -E cmake_link_script CMakeFiles/cmTC_c999f.dir/link.txt --verbose=1
/usr/bin/cc   -DCHECK_FUNCTION_EXISTS=pthread_create    CMakeFiles/cmTC_c999f.dir/CheckFunctionExists.c.o  -o cmTC_c999f -rdynamic -lpthreads 
/usr/bin/ld: cannot find -lpthreads
collect2: error: ld returned 1 exit status
CMakeFiles/cmTC_c999f.dir/build.make:97: recipe for target 'cmTC_c999f' failed
make[1]: *** [cmTC_c999f] Error 1
make[1]: Leaving directory '/home/hxy/hxy/project/bebop_ws/build/catkin_tools_prebuild/CMakeFiles/CMakeTmp'
Makefile:126: recipe for target 'cmTC_c999f/fast' failed
make: *** [cmTC_c999f/fast] Error 2


