Determining if the pthread_create exist failed with the following output:
Change Dir: /home/hxy/hxy/project/bebop_ws/build/opencv/CMakeFiles/CMakeTmp

Run Build Command:"/usr/bin/make" "cmTC_b84de/fast"
/usr/bin/make -f CMakeFiles/cmTC_b84de.dir/build.make CMakeFiles/cmTC_b84de.dir/build
make[1]: Entering directory '/home/hxy/hxy/project/bebop_ws/build/opencv/CMakeFiles/CMakeTmp'
Building C object CMakeFiles/cmTC_b84de.dir/CheckSymbolExists.c.o
/usr/bin/cc     -o CMakeFiles/cmTC_b84de.dir/CheckSymbolExists.c.o   -c /home/hxy/hxy/project/bebop_ws/build/opencv/CMakeFiles/CMakeTmp/CheckSymbolExists.c
Linking C executable cmTC_b84de
/usr/bin/cmake -E cmake_link_script CMakeFiles/cmTC_b84de.dir/link.txt --verbose=1
/usr/bin/cc       CMakeFiles/cmTC_b84de.dir/CheckSymbolExists.c.o  -o cmTC_b84de -rdynamic 
CMakeFiles/cmTC_b84de.dir/CheckSymbolExists.c.o: In function `main':
CheckSymbolExists.c:(.text+0x16): undefined reference to `pthread_create'
collect2: error: ld returned 1 exit status
CMakeFiles/cmTC_b84de.dir/build.make:97: recipe for target 'cmTC_b84de' failed
make[1]: *** [cmTC_b84de] Error 1
make[1]: Leaving directory '/home/hxy/hxy/project/bebop_ws/build/opencv/CMakeFiles/CMakeTmp'
Makefile:126: recipe for target 'cmTC_b84de/fast' failed
make: *** [cmTC_b84de/fast] Error 2

File /home/hxy/hxy/project/bebop_ws/build/opencv/CMakeFiles/CMakeTmp/CheckSymbolExists.c:
/* */
#include <pthread.h>

int main(int argc, char** argv)
{
  (void)argv;
#ifndef pthread_create
  return ((int*)(&pthread_create))[argc];
#else
  (void)argc;
  return 0;
#endif
}

Determining if the function pthread_create exists in the pthreads failed with the following output:
Change Dir: /home/hxy/hxy/project/bebop_ws/build/opencv/CMakeFiles/CMakeTmp

Run Build Command:"/usr/bin/make" "cmTC_ddfbd/fast"
/usr/bin/make -f CMakeFiles/cmTC_ddfbd.dir/build.make CMakeFiles/cmTC_ddfbd.dir/build
make[1]: Entering directory '/home/hxy/hxy/project/bebop_ws/build/opencv/CMakeFiles/CMakeTmp'
Building C object CMakeFiles/cmTC_ddfbd.dir/CheckFunctionExists.c.o
/usr/bin/cc    -DCHECK_FUNCTION_EXISTS=pthread_create   -o CMakeFiles/cmTC_ddfbd.dir/CheckFunctionExists.c.o   -c /usr/share/cmake-3.5/Modules/CheckFunctionExists.c
Linking C executable cmTC_ddfbd
/usr/bin/cmake -E cmake_link_script CMakeFiles/cmTC_ddfbd.dir/link.txt --verbose=1
/usr/bin/cc   -DCHECK_FUNCTION_EXISTS=pthread_create    CMakeFiles/cmTC_ddfbd.dir/CheckFunctionExists.c.o  -o cmTC_ddfbd -rdynamic -lpthreads 
/usr/bin/ld: cannot find -lpthreads
collect2: error: ld returned 1 exit status
CMakeFiles/cmTC_ddfbd.dir/build.make:97: recipe for target 'cmTC_ddfbd' failed
make[1]: *** [cmTC_ddfbd] Error 1
make[1]: Leaving directory '/home/hxy/hxy/project/bebop_ws/build/opencv/CMakeFiles/CMakeTmp'
Makefile:126: recipe for target 'cmTC_ddfbd/fast' failed
make: *** [cmTC_ddfbd/fast] Error 2


